<?xml version="1.0" encoding="UTF-8"?>
<!-- Generated by org.testng.reporters.JUnitXMLReporter -->
<testsuite ignored="0" hostname="DESKTOP-RVJV18D" failures="0" tests="60" name="Default test" time="0.811" errors="0" timestamp="2023-09-19T09:08:17 IST">
  <testcase classname="com.qe.project.testcases.Sign_InTest" name="@BeforeSuite setUp" time="2.11">
    <failure type="org.openqa.selenium.SessionNotCreatedException" message="session not created: This version of ChromeDriver only supports Chrome version 115
Current browser version is 117.0.5938.89 with binary path C:\Program Files\Google\Chrome\Application\chrome.exe
Build info: version: &amp;apos;3.141.59&amp;apos;, revision: &amp;apos;e82be7d358&amp;apos;, time: &amp;apos;2018-11-14T08:25:53&amp;apos;
System info: host: &amp;apos;DESKTOP-RVJV18D&amp;apos;, ip: &amp;apos;192.168.0.107&amp;apos;, os.name: &amp;apos;Windows 10&amp;apos;, os.arch: &amp;apos;amd64&amp;apos;, os.version: &amp;apos;10.0&amp;apos;, java.version: &amp;apos;19.0.1&amp;apos;
Driver info: driver.version: ChromeDriver
remote stacktrace: Backtrace:
	GetHandleVerifier [0x00A31C53+49427]
	(No symbol) [0x009C5F41]
	(No symbol) [0x008CC64D]
	(No symbol) [0x008EED3C]
	(No symbol) [0x008EACB8]
	(No symbol) [0x008E9146]
	(No symbol) [0x0091B1AC]
	(No symbol) [0x0091AD3C]
	(No symbol) [0x00914816]
	(No symbol) [0x008F1127]
	(No symbol) [0x008F22AD]
	GetHandleVerifier [0x00C87149+2496009]
	GetHandleVerifier [0x00CCD572+2783794]
	GetHandleVerifier [0x00CC7491+2758993]
	GetHandleVerifier [0x00AB11D0+571024]
	(No symbol) [0x009CF96A]
	(No symbol) [0x009CBD88]
	(No symbol) [0x009CBE6B]
	(No symbol) [0x009BEA97]
	BaseThreadInitThunk [0x758900C9+25]
	RtlGetAppContainerNamedObjectPath [0x77597B4E+286]
	RtlGetAppContainerNamedObjectPath [0x77597B1E+238]
">
      <![CDATA[org.openqa.selenium.SessionNotCreatedException: session not created: This version of ChromeDriver only supports Chrome version 115
Current browser version is 117.0.5938.89 with binary path C:\Program Files\Google\Chrome\Application\chrome.exe
Build info: version: '3.141.59', revision: 'e82be7d358', time: '2018-11-14T08:25:53'
System info: host: 'DESKTOP-RVJV18D', ip: '192.168.0.107', os.name: 'Windows 10', os.arch: 'amd64', os.version: '10.0', java.version: '19.0.1'
Driver info: driver.version: ChromeDriver
remote stacktrace: Backtrace:
GetHandleVerifier [0x00A31C53+49427]
(No symbol) [0x009C5F41]
(No symbol) [0x008CC64D]
(No symbol) [0x008EED3C]
(No symbol) [0x008EACB8]
(No symbol) [0x008E9146]
(No symbol) [0x0091B1AC]
(No symbol) [0x0091AD3C]
(No symbol) [0x00914816]
(No symbol) [0x008F1127]
(No symbol) [0x008F22AD]
GetHandleVerifier [0x00C87149+2496009]
GetHandleVerifier [0x00CCD572+2783794]
GetHandleVerifier [0x00CC7491+2758993]
GetHandleVerifier [0x00AB11D0+571024]
(No symbol) [0x009CF96A]
(No symbol) [0x009CBD88]
(No symbol) [0x009CBE6B]
(No symbol) [0x009BEA97]
BaseThreadInitThunk [0x758900C9+25]
RtlGetAppContainerNamedObjectPath [0x77597B4E+286]
RtlGetAppContainerNamedObjectPath [0x77597B1E+238]

at java.base/jdk.internal.reflect.DirectConstructorHandleAccessor.newInstance(DirectConstructorHandleAccessor.java:67)
at java.base/java.lang.reflect.Constructor.newInstanceWithCaller(Constructor.java:500)
at java.base/java.lang.reflect.Constructor.newInstance(Constructor.java:484)
at org.openqa.selenium.remote.W3CHandshakeResponse.lambda$errorHandler$0(W3CHandshakeResponse.java:62)
at org.openqa.selenium.remote.HandshakeResponse.lambda$getResponseFunction$0(HandshakeResponse.java:30)
at org.openqa.selenium.remote.ProtocolHandshake.lambda$createSession$0(ProtocolHandshake.java:126)
at java.base/java.util.stream.ReferencePipeline$3$1.accept(ReferencePipeline.java:197)
at java.base/java.util.Spliterators$ArraySpliterator.tryAdvance(Spliterators.java:1016)
at java.base/java.util.stream.ReferencePipeline.forEachWithCancel(ReferencePipeline.java:129)
at java.base/java.util.stream.AbstractPipeline.copyIntoWithCancel(AbstractPipeline.java:527)
at java.base/java.util.stream.AbstractPipeline.copyInto(AbstractPipeline.java:513)
at java.base/java.util.stream.AbstractPipeline.wrapAndCopyInto(AbstractPipeline.java:499)
at java.base/java.util.stream.FindOps$FindOp.evaluateSequential(FindOps.java:150)
at java.base/java.util.stream.AbstractPipeline.evaluate(AbstractPipeline.java:234)
at java.base/java.util.stream.ReferencePipeline.findFirst(ReferencePipeline.java:647)
at org.openqa.selenium.remote.ProtocolHandshake.createSession(ProtocolHandshake.java:128)
at org.openqa.selenium.remote.ProtocolHandshake.createSession(ProtocolHandshake.java:74)
at org.openqa.selenium.remote.HttpCommandExecutor.execute(HttpCommandExecutor.java:136)
at org.openqa.selenium.remote.service.DriverCommandExecutor.execute(DriverCommandExecutor.java:83)
at org.openqa.selenium.remote.RemoteWebDriver.execute(RemoteWebDriver.java:552)
at org.openqa.selenium.remote.RemoteWebDriver.startSession(RemoteWebDriver.java:213)
at org.openqa.selenium.remote.RemoteWebDriver.<init>(RemoteWebDriver.java:131)
at org.openqa.selenium.chrome.ChromeDriver.<init>(ChromeDriver.java:181)
at org.openqa.selenium.chrome.ChromeDriver.<init>(ChromeDriver.java:168)
at org.openqa.selenium.chrome.ChromeDriver.<init>(ChromeDriver.java:123)
at com.qe.project.base.TestBase.initialization(TestBase.java:58)
at com.qe.project.testcases.Sign_InTest.setUp(Sign_InTest.java:24)
at java.base/jdk.internal.reflect.DirectMethodHandleAccessor.invoke(DirectMethodHandleAccessor.java:104)
at java.base/java.lang.reflect.Method.invoke(Method.java:578)
at org.testng.internal.invokers.MethodInvocationHelper.invokeMethod(MethodInvocationHelper.java:139)
at org.testng.internal.invokers.MethodInvocationHelper.invokeMethodConsideringTimeout(MethodInvocationHelper.java:69)
at org.testng.internal.invokers.ConfigInvoker.invokeConfigurationMethod(ConfigInvoker.java:390)
at org.testng.internal.invokers.ConfigInvoker.invokeConfigurations(ConfigInvoker.java:325)
at org.testng.SuiteRunner.privateRun(SuiteRunner.java:382)
at org.testng.SuiteRunner.run(SuiteRunner.java:336)
at org.testng.SuiteRunnerWorker.runSuite(SuiteRunnerWorker.java:52)
at org.testng.SuiteRunnerWorker.run(SuiteRunnerWorker.java:95)
at org.testng.TestNG.runSuitesSequentially(TestNG.java:1280)
at org.testng.TestNG.runSuitesLocally(TestNG.java:1200)
at org.testng.TestNG.runSuites(TestNG.java:1114)
at org.testng.TestNG.run(TestNG.java:1082)
at org.testng.remote.AbstractRemoteTestNG.run(AbstractRemoteTestNG.java:115)
at org.testng.remote.RemoteTestNG.initAndRun(RemoteTestNG.java:251)
at org.testng.remote.RemoteTestNG.main(RemoteTestNG.java:77)
]]>
    </failure>
  </testcase> <!-- @BeforeSuite setUp -->
  <testcase classname="com.qe.project.testcases.Sign_InTest" name="@BeforeTest SignIn" time="0.0">
    <skipped/>
  </testcase> <!-- @BeforeTest SignIn -->
  <testcase classname="com.qe.project.testcases.warehouseBCL_Test" name="@BeforeTest dispositonBCL" time="0.0">
    <skipped/>
  </testcase> <!-- @BeforeTest dispositonBCL -->
  <testcase classname="com.qe.project.testcases.warehouseRTV_Test" name="@BeforeTest disposition1" time="0.0">
    <skipped/>
  </testcase> <!-- @BeforeTest disposition1 -->
  <testcase classname="com.qe.project.testcases.Logout_InTest" name="@BeforeMethod Logout" time="0.0">
    <skipped/>
  </testcase> <!-- @BeforeMethod Logout -->
  <testcase classname="com.qe.project.testcases.Logout_InTest" name="@BeforeMethod Logout" time="0.0">
    <skipped/>
  </testcase> <!-- @BeforeMethod Logout -->
  <testcase classname="com.qe.project.testcases.Sign_InTest" name="loginTest" time="0.0">
    <skipped/>
  </testcase> <!-- loginTest -->
  <testcase classname="com.qe.project.testcases.Logout_InTest" name="logout" time="0.0">
    <skipped/>
  </testcase> <!-- logout -->
  <testcase classname="com.qe.project.testcases.Logout_InTest" name="Logout_Test" time="0.001">
    <skipped/>
  </testcase> <!-- Logout_Test -->
  <testcase classname="com.qe.project.testcases.warehouseBCL_Test" name="clickOnDispositionlinkTest" time="0.0">
    <skipped/>
  </testcase> <!-- clickOnDispositionlinkTest -->
  <testcase classname="com.qe.project.testcases.warehouseBCL_Test" name="clickBCL" time="0.001">
    <skipped/>
  </testcase> <!-- clickBCL -->
  <testcase classname="com.qe.project.testcases.warehouseBCL_Test" name="brandCallLogFilter" time="0.0">
    <skipped/>
  </testcase> <!-- brandCallLogFilter -->
  <testcase classname="com.qe.project.testcases.warehouseBCL_Test" name="brandFieldFilter" time="0.0">
    <skipped/>
  </testcase> <!-- brandFieldFilter -->
  <testcase classname="com.qe.project.testcases.warehouseBCL_Test" name="brandApplyFilter" time="0.0">
    <skipped/>
  </testcase> <!-- brandApplyFilter -->
  <testcase classname="com.qe.project.testcases.warehouseBCL_Test" name="selectBCLItem" time="0.0">
    <skipped/>
  </testcase> <!-- selectBCLItem -->
  <testcase classname="com.qe.project.testcases.warehouseBCL_Test" name="clickBCLUpdate" time="0.0">
    <skipped/>
  </testcase> <!-- clickBCLUpdate -->
  <testcase classname="com.qe.project.testcases.warehouseBCL_Test" name="BCLSelcetData1" time="0.0">
    <skipped/>
  </testcase> <!-- BCLSelcetData1 -->
  <testcase classname="com.qe.project.testcases.warehouseBCL_Test" name="parchaseInvoice" time="0.0">
    <skipped/>
  </testcase> <!-- parchaseInvoice -->
  <testcase classname="com.qe.project.testcases.warehouseBCL_Test" name="parchaseUpdate" time="0.0">
    <skipped/>
  </testcase> <!-- parchaseUpdate -->
  <testcase classname="com.qe.project.testcases.warehouseBCL_Test" name="addDataField" time="0.0">
    <skipped/>
  </testcase> <!-- addDataField -->
  <testcase classname="com.qe.project.testcases.warehouseBCL_Test" name="selectData2" time="0.001">
    <skipped/>
  </testcase> <!-- selectData2 -->
  <testcase classname="com.qe.project.testcases.warehouseBCL_Test" name="damageCertificate" time="0.0">
    <skipped/>
  </testcase> <!-- damageCertificate -->
  <testcase classname="com.qe.project.testcases.warehouseBCL_Test" name="damageUpload1" time="0.0">
    <skipped/>
  </testcase> <!-- damageUpload1 -->
  <testcase classname="com.qe.project.testcases.warehouseBCL_Test" name="submitFirst" time="0.0">
    <skipped/>
  </testcase> <!-- submitFirst -->
  <testcase classname="com.qe.project.testcases.warehouseBCL_Test" name="pendingInformationOK" time="0.001">
    <skipped/>
  </testcase> <!-- pendingInformationOK -->
  <testcase classname="com.qe.project.testcases.warehouseBCL_Test" name="pendingBclTickets" time="0.0">
    <skipped/>
  </testcase> <!-- pendingBclTickets -->
  <testcase classname="com.qe.project.testcases.warehouseBCL_Test" name="selectBclTickets" time="0.0">
    <skipped/>
  </testcase> <!-- selectBclTickets -->
  <testcase classname="com.qe.project.testcases.warehouseBCL_Test" name="updateBclTickets" time="0.0">
    <skipped/>
  </testcase> <!-- updateBclTickets -->
  <testcase classname="com.qe.project.testcases.warehouseBCL_Test" name="ticketNoBclTickets" time="0.0">
    <skipped/>
  </testcase> <!-- ticketNoBclTickets -->
  <testcase classname="com.qe.project.testcases.warehouseBCL_Test" name="ticketDateBclTickets" time="0.001">
    <skipped/>
  </testcase> <!-- ticketDateBclTickets -->
  <testcase classname="com.qe.project.testcases.warehouseBCL_Test" name="selectCalendorBclTickets" time="0.0">
    <skipped/>
  </testcase> <!-- selectCalendorBclTickets -->
  <testcase classname="com.qe.project.testcases.warehouseBCL_Test" name="calendorOkBclTickets" time="0.0">
    <skipped/>
  </testcase> <!-- calendorOkBclTickets -->
  <testcase classname="com.qe.project.testcases.warehouseBCL_Test" name="submitBclTickets" time="0.0">
    <skipped/>
  </testcase> <!-- submitBclTickets -->
  <testcase classname="com.qe.project.testcases.warehouseBCL_Test" name="submitBCLTicketsOkbutton" time="0.0">
    <skipped/>
  </testcase> <!-- submitBCLTicketsOkbutton -->
  <testcase classname="com.qe.project.testcases.warehouseBCL_Test" name="pendingInspection1" time="0.0">
    <skipped/>
  </testcase> <!-- pendingInspection1 -->
  <testcase classname="com.qe.project.testcases.warehouseBCL_Test" name="selectInspection" time="0.0">
    <skipped/>
  </testcase> <!-- selectInspection -->
  <testcase classname="com.qe.project.testcases.warehouseBCL_Test" name="updateInspection" time="0.0">
    <skipped/>
  </testcase> <!-- updateInspection -->
  <testcase classname="com.qe.project.testcases.warehouseBCL_Test" name="brandInspectionDate1" time="0.0">
    <skipped/>
  </testcase> <!-- brandInspectionDate1 -->
  <testcase classname="com.qe.project.testcases.warehouseBCL_Test" name="brandDatecalendorInpsection" time="0.0">
    <skipped/>
  </testcase> <!-- brandDatecalendorInpsection -->
  <testcase classname="com.qe.project.testcases.warehouseBCL_Test" name="brandDateOkInspection" time="0.0">
    <skipped/>
  </testcase> <!-- brandDateOkInspection -->
  <testcase classname="com.qe.project.testcases.warehouseBCL_Test" name="brandInspectionReport" time="0.0">
    <skipped/>
  </testcase> <!-- brandInspectionReport -->
  <testcase classname="com.qe.project.testcases.warehouseBCL_Test" name="submitBrandInspection" time="0.0">
    <skipped/>
  </testcase> <!-- submitBrandInspection -->
  <testcase classname="com.qe.project.testcases.warehouseBCL_Test" name="brandInspectionOkbutton" time="0.0">
    <skipped/>
  </testcase> <!-- brandInspectionOkbutton -->
  <testcase classname="com.qe.project.testcases.warehouseBCL_Test" name="pendingDecision" time="0.0">
    <skipped/>
  </testcase> <!-- pendingDecision -->
  <testcase classname="com.qe.project.testcases.warehouseBCL_Test" name="selectPendingDecision" time="0.0">
    <skipped/>
  </testcase> <!-- selectPendingDecision -->
  <testcase classname="com.qe.project.testcases.warehouseBCL_Test" name="updatePendingDecision" time="0.0">
    <skipped/>
  </testcase> <!-- updatePendingDecision -->
  <testcase classname="com.qe.project.testcases.warehouseBCL_Test" name="brandDecision" time="0.001">
    <skipped/>
  </testcase> <!-- brandDecision -->
  <testcase classname="com.qe.project.testcases.warehouseBCL_Test" name="brandDecisionRTV" time="0.0">
    <skipped/>
  </testcase> <!-- brandDecisionRTV -->
  <testcase classname="com.qe.project.testcases.warehouseBCL_Test" name="brandApprovalReferanceNo" time="0.0">
    <skipped/>
  </testcase> <!-- brandApprovalReferanceNo -->
  <testcase classname="com.qe.project.testcases.warehouseBCL_Test" name="brandDecisionCreditNo" time="0.0">
    <skipped/>
  </testcase> <!-- brandDecisionCreditNo -->
  <testcase classname="com.qe.project.testcases.warehouseBCL_Test" name="decisionCreditNoteAmount" time="0.0">
    <skipped/>
  </testcase> <!-- decisionCreditNoteAmount -->
  <testcase classname="com.qe.project.testcases.warehouseBCL_Test" name="brandDecisionSubsmit" time="0.0">
    <skipped/>
  </testcase> <!-- brandDecisionSubsmit -->
  <testcase classname="com.qe.project.testcases.warehouseBCL_Test" name="brandDecisionOkbutton" time="0.0">
    <skipped/>
  </testcase> <!-- brandDecisionOkbutton -->
  <testcase classname="com.qe.project.testcases.warehouseBCL_Test" name="clickOnDispositionlinkTest1" time="0.0">
    <skipped/>
  </testcase> <!-- clickOnDispositionlinkTest1 -->
  <testcase classname="com.qe.project.testcases.warehouseRTV_Test" name="clickOnRTV" time="0.0">
    <skipped/>
  </testcase> <!-- clickOnRTV -->
  <testcase classname="com.qe.project.testcases.warehouseRTV_Test" name="clickOnselect" time="0.0">
    <skipped/>
  </testcase> <!-- clickOnselect -->
  <testcase classname="com.qe.project.testcases.warehouseRTV_Test" name="clickOnupdate" time="0.0">
    <skipped/>
  </testcase> <!-- clickOnupdate -->
  <testcase classname="com.qe.project.testcases.warehouseRTV_Test" name="clickOnreturndate" time="0.0">
    <skipped/>
  </testcase> <!-- clickOnreturndate -->
  <testcase classname="com.qe.project.testcases.warehouseRTV_Test" name="clickOnselectdata" time="0.0">
    <skipped/>
  </testcase> <!-- clickOnselectdata -->
  <testcase classname="com.qe.project.testcases.warehouseRTV_Test" name="clickOnOK" time="0.0">
    <skipped/>
  </testcase> <!-- clickOnOK -->
  <testcase classname="com.qe.project.testcases.warehouseRTV_Test" name="clickreturnmethod" time="0.0">
    <skipped/>
  </testcase> <!-- clickreturnmethod -->
  <testcase classname="com.qe.project.testcases.warehouseRTV_Test" name="clickOndispatch" time="0.0">
    <skipped/>
  </testcase> <!-- clickOndispatch -->
  <testcase classname="com.qe.project.testcases.warehouseRTV_Test" name="clickdocumenttype" time="0.001">
    <skipped/>
  </testcase> <!-- clickdocumenttype -->
  <testcase classname="com.qe.project.testcases.warehouseRTV_Test" name="clickInvoice" time="0.0">
    <skipped/>
  </testcase> <!-- clickInvoice -->
  <testcase classname="com.qe.project.testcases.warehouseRTV_Test" name="clicksubmit" time="0.001">
    <skipped/>
  </testcase> <!-- clicksubmit -->
  <testcase classname="com.qe.project.testcases.warehouseRTV_Test" name="clickSubmitOK" time="0.0">
    <skipped/>
  </testcase> <!-- clickSubmitOK -->
</testsuite> <!-- Default test -->
