<?xml version="1.0" encoding="UTF-8"?>
<!-- Generated by org.testng.reporters.JUnitXMLReporter -->
<testsuite ignored="0" hostname="LAPTOP-9FDKH1JV" failures="1" tests="39" name="Test" time="167.278" errors="0" timestamp="2024-08-04T11:25:02 IST">
  <testcase classname="com.qe.project.testcases.Sign_InTaskTest" name="loginAcount" time="2.13"/>
  <testcase classname="com.qe.project.testcases.Sign_InTaskTest" name="signUpbutton" time="1.153"/>
  <testcase classname="com.qe.project.testcases.Sign_InTaskTest" name="countrySynbol" time="1.219"/>
  <testcase classname="com.qe.project.testcases.Sign_InTaskTest" name="countryName" time="1.146"/>
  <testcase classname="com.qe.project.testcases.Sign_InTaskTest" name="phoneNo" time="1.31"/>
  <testcase classname="com.qe.project.testcases.Sign_InTaskTest" name="checkBox" time="1.119"/>
  <testcase classname="com.qe.project.testcases.Sign_InTaskTest" name="continueButton" time="1.128"/>
  <testcase classname="com.qe.project.testcases.Sign_InTaskTest" name="otp" time="3.958"/>
  <testcase classname="com.qe.project.testcases.Sign_InTaskTest" name="firstName" time="3.433"/>
  <testcase classname="com.qe.project.testcases.Sign_InTaskTest" name="lastName" time="2.266"/>
  <testcase classname="com.qe.project.testcases.Sign_InTaskTest" name="email" time="1.347"/>
  <testcase classname="com.qe.project.testcases.Sign_InTaskTest" name="done" time="1.137"/>
  <testcase classname="com.qe.project.testcases.Sign_InTaskTest" name="brandsDropdown" time="11.639"/>
  <testcase classname="com.qe.project.testcases.Sign_InTaskTest" name="listOfProducts" time="11.268"/>
  <testcase classname="com.qe.project.testcases.Sign_InTaskTest" name="quantityDropDown" time="51.13">
    <failure type="org.openqa.selenium.NoSuchElementException" message="no such element: Unable to locate element: {&amp;quot;method&amp;quot;:&amp;quot;xpath&amp;quot;,&amp;quot;selector&amp;quot;:&amp;quot;//select[@class=&amp;apos;jsx-f7424bbc83273932 timeline flex-grow-1&amp;apos;]&amp;quot;}
  (Session info: chrome=127.0.6533.89)
For documentation on this error, please visit: https://www.seleniumhq.org/exceptions/no_such_element.html
Build info: version: &amp;apos;3.141.59&amp;apos;, revision: &amp;apos;e82be7d358&amp;apos;, time: &amp;apos;2018-11-14T08:25:53&amp;apos;
System info: host: &amp;apos;LAPTOP-9FDKH1JV&amp;apos;, ip: &amp;apos;192.168.240.12&amp;apos;, os.name: &amp;apos;Windows 11&amp;apos;, os.arch: &amp;apos;amd64&amp;apos;, os.version: &amp;apos;10.0&amp;apos;, java.version: &amp;apos;17.0.11&amp;apos;
Driver info: org.openqa.selenium.chrome.ChromeDriver
Capabilities {acceptInsecureCerts: false, browserName: chrome, browserVersion: 127.0.6533.89, chrome: {chromedriverVersion: 126.0.6478.182 (5b5d8292ddf..., userDataDir: C:\Users\laksh\AppData\Loca...}, fedcm:accounts: true, goog:chromeOptions: {debuggerAddress: localhost:64369}, javascriptEnabled: true, networkConnectionEnabled: false, pageLoadStrategy: normal, platform: WINDOWS, platformName: WINDOWS, proxy: Proxy(), setWindowRect: true, strictFileInteractability: false, timeouts: {implicit: 0, pageLoad: 300000, script: 30000}, unhandledPromptBehavior: dismiss and notify, webauthn:extension:credBlob: true, webauthn:extension:largeBlob: true, webauthn:extension:minPinLength: true, webauthn:extension:prf: true, webauthn:virtualAuthenticators: true}
Session ID: 30c4a58d5180b8f13cd4ff289c2b27d1
*** Element info: {Using=xpath, value=//select[@class=&amp;apos;jsx-f7424bbc83273932 timeline flex-grow-1&amp;apos;]}">
      <![CDATA[org.openqa.selenium.NoSuchElementException: no such element: Unable to locate element: {"method":"xpath","selector":"//select[@class='jsx-f7424bbc83273932 timeline flex-grow-1']"}
  (Session info: chrome=127.0.6533.89)
For documentation on this error, please visit: https://www.seleniumhq.org/exceptions/no_such_element.html
Build info: version: '3.141.59', revision: 'e82be7d358', time: '2018-11-14T08:25:53'
System info: host: 'LAPTOP-9FDKH1JV', ip: '192.168.240.12', os.name: 'Windows 11', os.arch: 'amd64', os.version: '10.0', java.version: '17.0.11'
Driver info: org.openqa.selenium.chrome.ChromeDriver
Capabilities {acceptInsecureCerts: false, browserName: chrome, browserVersion: 127.0.6533.89, chrome: {chromedriverVersion: 126.0.6478.182 (5b5d8292ddf..., userDataDir: C:\Users\laksh\AppData\Loca...}, fedcm:accounts: true, goog:chromeOptions: {debuggerAddress: localhost:64369}, javascriptEnabled: true, networkConnectionEnabled: false, pageLoadStrategy: normal, platform: WINDOWS, platformName: WINDOWS, proxy: Proxy(), setWindowRect: true, strictFileInteractability: false, timeouts: {implicit: 0, pageLoad: 300000, script: 30000}, unhandledPromptBehavior: dismiss and notify, webauthn:extension:credBlob: true, webauthn:extension:largeBlob: true, webauthn:extension:minPinLength: true, webauthn:extension:prf: true, webauthn:virtualAuthenticators: true}
Session ID: 30c4a58d5180b8f13cd4ff289c2b27d1
*** Element info: {Using=xpath, value=//select[@class='jsx-f7424bbc83273932 timeline flex-grow-1']}
at org.openqa.selenium.remote.http.W3CHttpResponseCodec.createException(W3CHttpResponseCodec.java:187)
at org.openqa.selenium.remote.http.W3CHttpResponseCodec.decode(W3CHttpResponseCodec.java:122)
at org.openqa.selenium.remote.http.W3CHttpResponseCodec.decode(W3CHttpResponseCodec.java:49)
at org.openqa.selenium.remote.HttpCommandExecutor.execute(HttpCommandExecutor.java:158)
at org.openqa.selenium.remote.service.DriverCommandExecutor.execute(DriverCommandExecutor.java:83)
at org.openqa.selenium.remote.RemoteWebDriver.execute(RemoteWebDriver.java:552)
at org.openqa.selenium.remote.RemoteWebDriver.findElement(RemoteWebDriver.java:323)
at org.openqa.selenium.remote.RemoteWebDriver.findElementByXPath(RemoteWebDriver.java:428)
at org.openqa.selenium.By$ByXPath.findElement(By.java:353)
at org.openqa.selenium.remote.RemoteWebDriver.findElement(RemoteWebDriver.java:315)
at org.openqa.selenium.support.pagefactory.DefaultElementLocator.findElement(DefaultElementLocator.java:69)
at org.openqa.selenium.support.pagefactory.internal.LocatingElementHandler.invoke(LocatingElementHandler.java:38)
at jdk.proxy2/jdk.proxy2.$Proxy15.getTagName(Unknown Source)
at org.openqa.selenium.support.ui.Select.<init>(Select.java:45)
at com.qe.project.pages.Sign_InTask.quantityDropDown(Sign_InTask.java:317)
at com.qe.project.testcases.Sign_InTaskTest.quantityDropDown(Sign_InTaskTest.java:105)
at java.base/java.util.ArrayList.forEach(ArrayList.java:1511)
... Removed 32 stack frames]]>
    </failure>
  </testcase> <!-- quantityDropDown -->
  <testcase classname="com.qe.project.testcases.Sign_InTaskTest" name="addToKart" time="1.189"/>
  <testcase classname="com.qe.project.testcases.Sign_InTaskTest" name="addToIcon" time="1.21"/>
  <testcase classname="com.qe.project.testcases.Sign_InTaskTest" name="productDetailsVerify" time="1.403"/>
  <testcase classname="com.qe.project.testcases.Sign_InTaskTest" name="proccedCheckout" time="1.148"/>
  <testcase classname="com.qe.project.testcases.Sign_InTaskTest" name="firstNameP" time="2.634"/>
  <testcase classname="com.qe.project.testcases.Sign_InTaskTest" name="lastNameP" time="2.314"/>
  <testcase classname="com.qe.project.testcases.Sign_InTaskTest" name="countryIcon" time="1.226"/>
  <testcase classname="com.qe.project.testcases.Sign_InTaskTest" name="selectCountry" time="1.186"/>
  <testcase classname="com.qe.project.testcases.Sign_InTaskTest" name="enterPhone" time="2.334"/>
  <testcase classname="com.qe.project.testcases.Sign_InTaskTest" name="enterAddress" time="2.334"/>
  <testcase classname="com.qe.project.testcases.Sign_InTaskTest" name="enterZipcode" time="3.314"/>
  <testcase classname="com.qe.project.testcases.Sign_InTaskTest" name="continueButtonP" time="5.115"/>
  <testcase classname="com.qe.project.testcases.Sign_InTaskTest" name="addNewCard" time="3.194"/>
  <testcase classname="com.qe.project.testcases.Sign_InTaskTest" name="nameCard" time="3.259"/>
  <testcase classname="com.qe.project.testcases.Sign_InTaskTest" name="cardNumber" time="0.301"/>
  <testcase classname="com.qe.project.testcases.Sign_InTaskTest" name="cVVnumber" time="0.234"/>
  <testcase classname="com.qe.project.testcases.Sign_InTaskTest" name="month" time="3.229"/>
  <testcase classname="com.qe.project.testcases.Sign_InTaskTest" name="yearYYY" time="2.229"/>
  <testcase classname="com.qe.project.testcases.Sign_InTaskTest" name="addCard" time="2.139"/>
  <testcase classname="com.qe.project.testcases.Sign_InTaskTest" name="confirmOrder" time="3.108"/>
  <testcase classname="com.qe.project.testcases.Sign_InTaskTest" name="closeIcon" time="20.859"/>
  <testcase classname="com.qe.project.testcases.Logout_InTest" name="logout" time="2.107"/>
  <testcase classname="com.qe.project.testcases.Logout_InTest" name="LogoutOption" time="2.163"/>
  <testcase classname="com.qe.project.testcases.Logout_InTest" name="LogoutBtm" time="3.134"/>
</testsuite> <!-- Test -->
