<?xml version="1.0" encoding="UTF-8"?>
<!-- Generated by org.testng.reporters.JUnitReportReporter -->
<testsuite hostname="LAPTOP-9FDKH1JV" failures="0" tests="36" name="com.qe.project.testcases.Sign_InTaskTest" time="159.342" errors="1" timestamp="2024-08-04T11:25:02 IST" skipped="0">
  <testcase classname="com.qe.project.testcases.Sign_InTaskTest" name="loginAcount" time="2.130"/>
  <system-out/>
  <testcase classname="com.qe.project.testcases.Sign_InTaskTest" name="signUpbutton" time="1.153"/>
  <system-out/>
  <testcase classname="com.qe.project.testcases.Sign_InTaskTest" name="countrySynbol" time="1.219"/>
  <system-out/>
  <testcase classname="com.qe.project.testcases.Sign_InTaskTest" name="countryName" time="1.146"/>
  <system-out/>
  <testcase classname="com.qe.project.testcases.Sign_InTaskTest" name="phoneNo" time="1.310"/>
  <system-out/>
  <testcase classname="com.qe.project.testcases.Sign_InTaskTest" name="checkBox" time="1.119"/>
  <system-out/>
  <testcase classname="com.qe.project.testcases.Sign_InTaskTest" name="continueButton" time="1.128"/>
  <system-out/>
  <testcase classname="com.qe.project.testcases.Sign_InTaskTest" name="otp" time="3.958"/>
  <system-out/>
  <testcase classname="com.qe.project.testcases.Sign_InTaskTest" name="firstName" time="3.433"/>
  <system-out/>
  <testcase classname="com.qe.project.testcases.Sign_InTaskTest" name="lastName" time="2.266"/>
  <system-out/>
  <testcase classname="com.qe.project.testcases.Sign_InTaskTest" name="email" time="1.347"/>
  <system-out/>
  <testcase classname="com.qe.project.testcases.Sign_InTaskTest" name="done" time="1.137"/>
  <system-out/>
  <testcase classname="com.qe.project.testcases.Sign_InTaskTest" name="brandsDropdown" time="11.639"/>
  <system-out/>
  <testcase classname="com.qe.project.testcases.Sign_InTaskTest" name="listOfProducts" time="11.268"/>
  <system-out/>
  <testcase classname="com.qe.project.testcases.Sign_InTaskTest" name="quantityDropDown" time="51.130">
    <error message="no such element: Unable to locate element: {&quot;method&quot;:&quot;xpath&quot;,&quot;selector&quot;:&quot;//select[@class=&#039;jsx-f7424bbc83273932 timeline flex-grow-1&#039;]&quot;}
  (Session info: chrome=127.0.6533.89)
For documentation on this error, please visit: https://www.seleniumhq.org/exceptions/no_such_element.html
Build info: version: &#039;3.141.59&#039;, revision: &#039;e82be7d358&#039;, time: &#039;2018-11-14T08:25:53&#039;
System info: host: &#039;LAPTOP-9FDKH1JV&#039;, ip: &#039;192.168.240.12&#039;, os.name: &#039;Windows 11&#039;, os.arch: &#039;amd64&#039;, os.version: &#039;10.0&#039;, java.version: &#039;17.0.11&#039;
Driver info: org.openqa.selenium.chrome.ChromeDriver
Capabilities {acceptInsecureCerts: false, browserName: chrome, browserVersion: 127.0.6533.89, chrome: {chromedriverVersion: 126.0.6478.182 (5b5d8292ddf..., userDataDir: C:\Users\laksh\AppData\Loca...}, fedcm:accounts: true, goog:chromeOptions: {debuggerAddress: localhost:64369}, javascriptEnabled: true, networkConnectionEnabled: false, pageLoadStrategy: normal, platform: WINDOWS, platformName: WINDOWS, proxy: Proxy(), setWindowRect: true, strictFileInteractability: false, timeouts: {implicit: 0, pageLoad: 300000, script: 30000}, unhandledPromptBehavior: dismiss and notify, webauthn:extension:credBlob: true, webauthn:extension:largeBlob: true, webauthn:extension:minPinLength: true, webauthn:extension:prf: true, webauthn:virtualAuthenticators: true}
Session ID: 30c4a58d5180b8f13cd4ff289c2b27d1
*** Element info: {Using=xpath, value=//select[@class=&#039;jsx-f7424bbc83273932 timeline flex-grow-1&#039;]}" type="org.openqa.selenium.NoSuchElementException">
      <![CDATA[org.openqa.selenium.NoSuchElementException: no such element: Unable to locate element: {"method":"xpath","selector":"//select[@class='jsx-f7424bbc83273932 timeline flex-grow-1']"}
  (Session info: chrome=127.0.6533.89)
For documentation on this error, please visit: https://www.seleniumhq.org/exceptions/no_such_element.html
Build info: version: '3.141.59', revision: 'e82be7d358', time: '2018-11-14T08:25:53'
System info: host: 'LAPTOP-9FDKH1JV', ip: '192.168.240.12', os.name: 'Windows 11', os.arch: 'amd64', os.version: '10.0', java.version: '17.0.11'
Driver info: org.openqa.selenium.chrome.ChromeDriver
Capabilities {acceptInsecureCerts: false, browserName: chrome, browserVersion: 127.0.6533.89, chrome: {chromedriverVersion: 126.0.6478.182 (5b5d8292ddf..., userDataDir: C:\Users\laksh\AppData\Loca...}, fedcm:accounts: true, goog:chromeOptions: {debuggerAddress: localhost:64369}, javascriptEnabled: true, networkConnectionEnabled: false, pageLoadStrategy: normal, platform: WINDOWS, platformName: WINDOWS, proxy: Proxy(), setWindowRect: true, strictFileInteractability: false, timeouts: {implicit: 0, pageLoad: 300000, script: 30000}, unhandledPromptBehavior: dismiss and notify, webauthn:extension:credBlob: true, webauthn:extension:largeBlob: true, webauthn:extension:minPinLength: true, webauthn:extension:prf: true, webauthn:virtualAuthenticators: true}
Session ID: 30c4a58d5180b8f13cd4ff289c2b27d1
*** Element info: {Using=xpath, value=//select[@class='jsx-f7424bbc83273932 timeline flex-grow-1']}
at java.base/jdk.internal.reflect.NativeConstructorAccessorImpl.newInstance0(Native Method)
at java.base/jdk.internal.reflect.NativeConstructorAccessorImpl.newInstance(NativeConstructorAccessorImpl.java:77)
at java.base/jdk.internal.reflect.DelegatingConstructorAccessorImpl.newInstance(DelegatingConstructorAccessorImpl.java:45)
at java.base/java.lang.reflect.Constructor.newInstanceWithCaller(Constructor.java:499)
at java.base/java.lang.reflect.Constructor.newInstance(Constructor.java:480)
at org.openqa.selenium.remote.http.W3CHttpResponseCodec.createException(W3CHttpResponseCodec.java:187)
at org.openqa.selenium.remote.http.W3CHttpResponseCodec.decode(W3CHttpResponseCodec.java:122)
at org.openqa.selenium.remote.http.W3CHttpResponseCodec.decode(W3CHttpResponseCodec.java:49)
at org.openqa.selenium.remote.HttpCommandExecutor.execute(HttpCommandExecutor.java:158)
at org.openqa.selenium.remote.service.DriverCommandExecutor.execute(DriverCommandExecutor.java:83)
at org.openqa.selenium.remote.RemoteWebDriver.execute(RemoteWebDriver.java:552)
at org.openqa.selenium.remote.RemoteWebDriver.findElement(RemoteWebDriver.java:323)
at org.openqa.selenium.remote.RemoteWebDriver.findElementByXPath(RemoteWebDriver.java:428)
at org.openqa.selenium.By$ByXPath.findElement(By.java:353)
at org.openqa.selenium.remote.RemoteWebDriver.findElement(RemoteWebDriver.java:315)
at org.openqa.selenium.support.pagefactory.DefaultElementLocator.findElement(DefaultElementLocator.java:69)
at org.openqa.selenium.support.pagefactory.internal.LocatingElementHandler.invoke(LocatingElementHandler.java:38)
at jdk.proxy2/jdk.proxy2.$Proxy15.getTagName(Unknown Source)
at org.openqa.selenium.support.ui.Select.<init>(Select.java:45)
at com.qe.project.pages.Sign_InTask.quantityDropDown(Sign_InTask.java:317)
at com.qe.project.testcases.Sign_InTaskTest.quantityDropDown(Sign_InTaskTest.java:105)
at java.base/jdk.internal.reflect.NativeMethodAccessorImpl.invoke0(Native Method)
at java.base/jdk.internal.reflect.NativeMethodAccessorImpl.invoke(NativeMethodAccessorImpl.java:77)
at java.base/jdk.internal.reflect.DelegatingMethodAccessorImpl.invoke(DelegatingMethodAccessorImpl.java:43)
at java.base/java.lang.reflect.Method.invoke(Method.java:568)
at org.testng.internal.MethodInvocationHelper.invokeMethod(MethodInvocationHelper.java:133)
at org.testng.internal.TestInvoker.invokeMethod(TestInvoker.java:598)
at org.testng.internal.TestInvoker.invokeTestMethod(TestInvoker.java:173)
at org.testng.internal.MethodRunner.runInSequence(MethodRunner.java:46)
at org.testng.internal.TestInvoker$MethodInvocationAgent.invoke(TestInvoker.java:824)
at org.testng.internal.TestInvoker.invokeTestMethods(TestInvoker.java:146)
at org.testng.internal.TestMethodWorker.invokeTestMethods(TestMethodWorker.java:146)
at org.testng.internal.TestMethodWorker.run(TestMethodWorker.java:128)
at java.base/java.util.ArrayList.forEach(ArrayList.java:1511)
at org.testng.TestRunner.privateRun(TestRunner.java:794)
at org.testng.TestRunner.run(TestRunner.java:596)
at org.testng.SuiteRunner.runTest(SuiteRunner.java:377)
at org.testng.SuiteRunner.runSequentially(SuiteRunner.java:371)
at org.testng.SuiteRunner.privateRun(SuiteRunner.java:332)
at org.testng.SuiteRunner.run(SuiteRunner.java:276)
at org.testng.SuiteRunnerWorker.runSuite(SuiteRunnerWorker.java:53)
at org.testng.SuiteRunnerWorker.run(SuiteRunnerWorker.java:96)
at org.testng.TestNG.runSuitesSequentially(TestNG.java:1212)
at org.testng.TestNG.runSuitesLocally(TestNG.java:1134)
at org.testng.TestNG.runSuites(TestNG.java:1063)
at org.testng.TestNG.run(TestNG.java:1031)
at org.testng.remote.AbstractRemoteTestNG.run(AbstractRemoteTestNG.java:115)
at org.testng.remote.RemoteTestNG.initAndRun(RemoteTestNG.java:293)
at org.testng.remote.RemoteTestNG.main(RemoteTestNG.java:91)
]]>
    </error>
  </testcase> <!-- quantityDropDown -->
  <system-out/>
  <testcase classname="com.qe.project.testcases.Sign_InTaskTest" name="addToKart" time="1.189"/>
  <system-out/>
  <testcase classname="com.qe.project.testcases.Sign_InTaskTest" name="addToIcon" time="1.210"/>
  <system-out/>
  <testcase classname="com.qe.project.testcases.Sign_InTaskTest" name="productDetailsVerify" time="1.403"/>
  <system-out/>
  <testcase classname="com.qe.project.testcases.Sign_InTaskTest" name="proccedCheckout" time="1.148"/>
  <system-out/>
  <testcase classname="com.qe.project.testcases.Sign_InTaskTest" name="firstNameP" time="2.634"/>
  <system-out/>
  <testcase classname="com.qe.project.testcases.Sign_InTaskTest" name="lastNameP" time="2.314"/>
  <system-out/>
  <testcase classname="com.qe.project.testcases.Sign_InTaskTest" name="countryIcon" time="1.226"/>
  <system-out/>
  <testcase classname="com.qe.project.testcases.Sign_InTaskTest" name="selectCountry" time="1.186"/>
  <system-out/>
  <testcase classname="com.qe.project.testcases.Sign_InTaskTest" name="enterPhone" time="2.334"/>
  <system-out/>
  <testcase classname="com.qe.project.testcases.Sign_InTaskTest" name="enterAddress" time="2.334"/>
  <system-out/>
  <testcase classname="com.qe.project.testcases.Sign_InTaskTest" name="enterZipcode" time="3.314"/>
  <system-out/>
  <testcase classname="com.qe.project.testcases.Sign_InTaskTest" name="continueButtonP" time="5.115"/>
  <system-out/>
  <testcase classname="com.qe.project.testcases.Sign_InTaskTest" name="addNewCard" time="3.194"/>
  <system-out/>
  <testcase classname="com.qe.project.testcases.Sign_InTaskTest" name="nameCard" time="3.259"/>
  <system-out/>
  <testcase classname="com.qe.project.testcases.Sign_InTaskTest" name="cardNumber" time="0.301"/>
  <system-out/>
  <testcase classname="com.qe.project.testcases.Sign_InTaskTest" name="cVVnumber" time="0.234"/>
  <system-out/>
  <testcase classname="com.qe.project.testcases.Sign_InTaskTest" name="month" time="3.229"/>
  <system-out/>
  <testcase classname="com.qe.project.testcases.Sign_InTaskTest" name="yearYYY" time="2.229"/>
  <system-out/>
  <testcase classname="com.qe.project.testcases.Sign_InTaskTest" name="addCard" time="2.139"/>
  <system-out/>
  <testcase classname="com.qe.project.testcases.Sign_InTaskTest" name="confirmOrder" time="3.108"/>
  <system-out/>
  <testcase classname="com.qe.project.testcases.Sign_InTaskTest" name="closeIcon" time="20.859"/>
  <system-out/>
</testsuite> <!-- com.qe.project.testcases.Sign_InTaskTest -->
